
{"timestamp": "2026-01-13T19:54:55.300885", "event": "add_user", "actor": "system", "details": "Added user admin"}
{"timestamp": "2026-01-13T19:54:55.300885", "event": "add_user", "actor": "system", "details": "Added user clerk"}
{"timestamp": "2026-01-13T19:54:55.300885", "event": "add_doctor", "actor": "system", "details": "Added doctor d1"}
{"timestamp": "2026-01-13T19:54:55.300885", "event": "add_doctor", "actor": "system", "details": "Added doctor d2"}
{"timestamp": "2026-01-13T19:54:55.300885", "event": "add_patient", "actor": "system", "details": "Added patient p1"}
{"timestamp": "2026-01-13T19:54:55.300885", "event": "add_patient", "actor": "system", "details": "Added patient p2"}
{"timestamp": "2026-01-13T19:54:55.304885", "event": "schedule", "actor": "admin", "details": "Scheduled appt a1 for patient p1 with doctor d1"}
{"timestamp": "2026-01-13T19:54:55.304885", "event": "schedule", "actor": "admin", "details": "Scheduled appt a2 for patient p2 with doctor d1"}
{"timestamp": "2026-01-13T19:54:55.304885", "event": "schedule", "actor": "admin", "details": "Scheduled appt a3 for patient p2 with doctor d2"}
{"timestamp": "2026-01-13T19:54:55.304885", "event": "reschedule", "actor": "admin", "details": "2026-01-14 10:00 -> 2026-01-14 12:30"}
{"timestamp": "2026-01-13T19:54:55.304885", "event": "cancel", "actor": "admin", "details": "Appointment a2 cancelled"}
{"timestamp": "2026-01-13T19:54:55.304885", "event": "complete", "actor": "admin", "details": "Appointment a3 completed"}
{"timestamp": "2026-01-13T19:54:55.304885", "event": "complete", "actor": "admin", "details": "Appointment a3 completed"}
{"timestamp": "2026-01-13T19:54:55.304885", "event": "complete", "actor": "admin", "details": "Completed appt a3"}
{"timestamp": "2026-01-13T19:54:55.304885", "event": "cancel", "actor": "admin", "details": "Appointment a2 cancelled"}
{"timestamp": "2026-01-13T19:54:55.304885", "event": "cancel", "actor": "admin", "details": "Cancelled appt a2"}
{"timestamp": "2026-01-13T19:54:55.308886", "event": "login_success", "actor": "admin", "details": "User logged in"}
{"timestamp": "2026-01-13T19:55:41.884313", "event": "login_failure", "actor": "admin ", "details": "Invalid credentials"}
{"timestamp": "2026-01-13T19:55:47.547967", "event": "login_success", "actor": "admin", "details": "User logged in"}
{"timestamp": "2026-01-13T19:56:25.124289", "event": "complete", "actor": "admin", "details": "Appointment a2 completed"}
{"timestamp": "2026-01-13T19:56:25.124289", "event": "complete", "actor": "admin", "details": "Completed appt a2"}
{"timestamp": "2026-01-13T19:57:32.500996", "event": "cancel", "actor": "admin", "details": "Appointment a2 cancelled"}
{"timestamp": "2026-01-13T19:57:32.500996", "event": "cancel", "actor": "admin", "details": "Cancelled appt a2"}
{"timestamp": "2026-01-13T19:57:35.664672", "event": "complete", "actor": "admin", "details": "Appointment a2 completed"}
{"timestamp": "2026-01-13T19:57:35.664672", "event": "complete", "actor": "admin", "details": "Completed appt a2"}
{"timestamp": "2026-01-13T19:58:33.030146", "event": "schedule", "actor": "admin", "details": "Scheduled appt a4 for patient p2 with doctor d2"}
{"timestamp": "2026-01-13T19:58:53.338342", "event": "schedule", "actor": "admin", "details": "Scheduled appt a5 for patient p2 with doctor d1"}
